mode: set
github.com/denysvitali/ca-combos-editor/pkg/parsers/13xParser.go:17.63,19.40 2 1
github.com/denysvitali/ca-combos-editor/pkg/parsers/13xParser.go:19.40,21.17 2 1
github.com/denysvitali/ca-combos-editor/pkg/parsers/13xParser.go:21.17,23.4 1 1
github.com/denysvitali/ca-combos-editor/pkg/parsers/13xParser.go:24.3,24.67 1 1
github.com/denysvitali/ca-combos-editor/pkg/parsers/13xParser.go:24.67,26.4 1 1
github.com/denysvitali/ca-combos-editor/pkg/parsers/13xParser.go:28.2,28.20 1 1
github.com/denysvitali/ca-combos-editor/pkg/parsers/13xParser.go:32.67,33.50 1 1
github.com/denysvitali/ca-combos-editor/pkg/parsers/13xParser.go:33.50,36.17 3 1
github.com/denysvitali/ca-combos-editor/pkg/parsers/13xParser.go:36.17,38.4 1 1
github.com/denysvitali/ca-combos-editor/pkg/parsers/13xParser.go:39.3,41.17 3 1
github.com/denysvitali/ca-combos-editor/pkg/parsers/13xParser.go:41.17,43.4 1 0
github.com/denysvitali/ca-combos-editor/pkg/parsers/13xParser.go:44.3,45.16 2 1
github.com/denysvitali/ca-combos-editor/pkg/parsers/13xParser.go:50.61,52.16 2 1
github.com/denysvitali/ca-combos-editor/pkg/parsers/13xParser.go:52.16,54.3 1 0
github.com/denysvitali/ca-combos-editor/pkg/parsers/13xParser.go:55.2,55.50 1 1
github.com/denysvitali/ca-combos-editor/pkg/parsers/13xParser.go:59.61,61.16 2 1
github.com/denysvitali/ca-combos-editor/pkg/parsers/13xParser.go:61.16,63.3 1 0
github.com/denysvitali/ca-combos-editor/pkg/parsers/13xParser.go:64.2,64.48 1 1
github.com/denysvitali/ca-combos-editor/pkg/parsers/20xParser.go:12.67,13.50 1 1
github.com/denysvitali/ca-combos-editor/pkg/parsers/20xParser.go:13.50,16.17 3 1
github.com/denysvitali/ca-combos-editor/pkg/parsers/20xParser.go:16.17,18.4 1 1
github.com/denysvitali/ca-combos-editor/pkg/parsers/20xParser.go:19.3,21.17 3 1
github.com/denysvitali/ca-combos-editor/pkg/parsers/20xParser.go:21.17,23.4 1 0
github.com/denysvitali/ca-combos-editor/pkg/parsers/20xParser.go:24.3,26.17 3 1
github.com/denysvitali/ca-combos-editor/pkg/parsers/20xParser.go:26.17,28.4 1 0
github.com/denysvitali/ca-combos-editor/pkg/parsers/20xParser.go:29.3,30.16 2 1
github.com/denysvitali/ca-combos-editor/pkg/parsers/20xParser.go:35.61,37.16 2 1
github.com/denysvitali/ca-combos-editor/pkg/parsers/20xParser.go:37.16,39.3 1 0
github.com/denysvitali/ca-combos-editor/pkg/parsers/20xParser.go:40.2,40.50 1 1
github.com/denysvitali/ca-combos-editor/pkg/parsers/20xParser.go:44.61,46.16 2 1
github.com/denysvitali/ca-combos-editor/pkg/parsers/20xParser.go:46.16,48.3 1 0
github.com/denysvitali/ca-combos-editor/pkg/parsers/20xParser.go:49.2,49.48 1 1
github.com/denysvitali/ca-combos-editor/pkg/parsers/33xParser.go:12.67,13.50 1 1
github.com/denysvitali/ca-combos-editor/pkg/parsers/33xParser.go:13.50,16.17 3 1
github.com/denysvitali/ca-combos-editor/pkg/parsers/33xParser.go:16.17,18.4 1 1
github.com/denysvitali/ca-combos-editor/pkg/parsers/33xParser.go:19.3,21.17 3 1
github.com/denysvitali/ca-combos-editor/pkg/parsers/33xParser.go:21.17,23.4 1 0
github.com/denysvitali/ca-combos-editor/pkg/parsers/33xParser.go:24.3,26.16 3 1
github.com/denysvitali/ca-combos-editor/pkg/parsers/33xParser.go:31.61,33.16 2 1
github.com/denysvitali/ca-combos-editor/pkg/parsers/33xParser.go:33.16,35.3 1 0
github.com/denysvitali/ca-combos-editor/pkg/parsers/33xParser.go:36.2,36.50 1 1
github.com/denysvitali/ca-combos-editor/pkg/parsers/33xParser.go:40.61,42.16 2 1
github.com/denysvitali/ca-combos-editor/pkg/parsers/33xParser.go:42.16,44.3 1 0
github.com/denysvitali/ca-combos-editor/pkg/parsers/33xParser.go:45.2,45.48 1 1
github.com/denysvitali/ca-combos-editor/pkg/parsers/antennas.go:11.61,13.31 2 1
github.com/denysvitali/ca-combos-editor/pkg/parsers/antennas.go:13.31,15.17 2 1
github.com/denysvitali/ca-combos-editor/pkg/parsers/antennas.go:15.17,16.9 1 1
github.com/denysvitali/ca-combos-editor/pkg/parsers/antennas.go:18.3,18.13 1 1
github.com/denysvitali/ca-combos-editor/pkg/parsers/antennas.go:18.13,20.4 1 1
github.com/denysvitali/ca-combos-editor/pkg/parsers/antennas.go:22.2,22.17 1 1
github.com/denysvitali/ca-combos-editor/cmd/main.go:62.13,76.2 9 1
github.com/denysvitali/ca-combos-editor/cmd/main.go:78.19,88.2 6 1
github.com/denysvitali/ca-combos-editor/cmd/main.go:90.24,92.13 2 1
github.com/denysvitali/ca-combos-editor/cmd/main.go:93.15,94.36 1 1
github.com/denysvitali/ca-combos-editor/cmd/main.go:95.14,96.35 1 0
github.com/denysvitali/ca-combos-editor/cmd/main.go:97.25,98.35 1 0
github.com/denysvitali/ca-combos-editor/cmd/main.go:99.22,100.36 1 1
github.com/denysvitali/ca-combos-editor/cmd/main.go:101.10,102.36 1 0
github.com/denysvitali/ca-combos-editor/cmd/main.go:106.39,108.11 2 1
github.com/denysvitali/ca-combos-editor/cmd/main.go:109.11,110.33 1 1
github.com/denysvitali/ca-combos-editor/cmd/main.go:111.11,112.33 1 1
github.com/denysvitali/ca-combos-editor/cmd/main.go:113.10,114.33 1 0
github.com/denysvitali/ca-combos-editor/cmd/main.go:118.57,122.16 3 1
github.com/denysvitali/ca-combos-editor/cmd/main.go:122.16,124.3 1 1
github.com/denysvitali/ca-combos-editor/cmd/main.go:126.2,126.74 1 1
github.com/denysvitali/ca-combos-editor/cmd/main.go:126.74,128.3 1 0
github.com/denysvitali/ca-combos-editor/cmd/main.go:130.2,131.12 2 1
github.com/denysvitali/ca-combos-editor/cmd/main.go:134.61,138.16 3 1
github.com/denysvitali/ca-combos-editor/cmd/main.go:138.16,140.3 1 0
github.com/denysvitali/ca-combos-editor/cmd/main.go:142.2,142.28 1 1
github.com/denysvitali/ca-combos-editor/cmd/main.go:142.28,143.23 1 1
github.com/denysvitali/ca-combos-editor/cmd/main.go:143.23,145.4 1 1
github.com/denysvitali/ca-combos-editor/cmd/main.go:146.3,146.42 1 1
github.com/denysvitali/ca-combos-editor/cmd/main.go:149.2,149.74 1 1
github.com/denysvitali/ca-combos-editor/cmd/main.go:149.74,151.3 1 0
github.com/denysvitali/ca-combos-editor/cmd/main.go:153.2,154.12 2 1
github.com/denysvitali/ca-combos-editor/cmd/main.go:157.56,163.49 4 1
github.com/denysvitali/ca-combos-editor/cmd/main.go:163.49,165.3 1 0
github.com/denysvitali/ca-combos-editor/cmd/main.go:166.2,166.12 1 1
github.com/denysvitali/ca-combos-editor/cmd/main.go:169.13,170.42 1 0
github.com/denysvitali/ca-combos-editor/cmd/main.go:170.42,173.3 2 0
github.com/denysvitali/ca-combos-editor/pkg/bandparser.go:17.64,26.11 7 1
github.com/denysvitali/ca-combos-editor/pkg/bandparser.go:26.11,28.17 2 1
github.com/denysvitali/ca-combos-editor/pkg/bandparser.go:28.17,29.9 1 0
github.com/denysvitali/ca-combos-editor/pkg/bandparser.go:32.3,36.20 4 1
github.com/denysvitali/ca-combos-editor/pkg/bandparser.go:36.20,37.9 1 1
github.com/denysvitali/ca-combos-editor/pkg/bandparser.go:40.3,43.35 3 1
github.com/denysvitali/ca-combos-editor/pkg/bandparser.go:43.35,45.4 1 1
github.com/denysvitali/ca-combos-editor/pkg/bandparser.go:45.9,46.24 1 1
github.com/denysvitali/ca-combos-editor/pkg/bandparser.go:46.24,49.5 2 1
github.com/denysvitali/ca-combos-editor/pkg/bandparser.go:52.3,53.18 2 1
github.com/denysvitali/ca-combos-editor/pkg/bandparser.go:53.18,55.18 2 1
github.com/denysvitali/ca-combos-editor/pkg/bandparser.go:55.18,58.5 1 1
github.com/denysvitali/ca-combos-editor/pkg/bandparser.go:59.4,64.43 2 1
github.com/denysvitali/ca-combos-editor/pkg/bandparser.go:67.3,67.33 1 1
github.com/denysvitali/ca-combos-editor/pkg/bandparser.go:70.2,73.25 3 1
github.com/denysvitali/ca-combos-editor/pkg/bandparser.go:73.25,75.3 1 1
github.com/denysvitali/ca-combos-editor/pkg/bandparser.go:77.2,78.21 2 1
github.com/denysvitali/ca-combos-editor/pkg/bandparser.go:83.96,85.16 2 0
github.com/denysvitali/ca-combos-editor/pkg/bandparser.go:85.16,87.3 1 0
github.com/denysvitali/ca-combos-editor/pkg/bandparser.go:88.2,88.15 1 0
github.com/denysvitali/ca-combos-editor/pkg/bandparser.go:88.15,89.56 1 0
github.com/denysvitali/ca-combos-editor/pkg/bandparser.go:89.56,91.4 1 0
github.com/denysvitali/ca-combos-editor/pkg/bandparser.go:94.2,95.16 2 0
github.com/denysvitali/ca-combos-editor/pkg/bandparser.go:95.16,97.3 1 0
github.com/denysvitali/ca-combos-editor/pkg/bandparser.go:98.2,98.15 1 0
github.com/denysvitali/ca-combos-editor/pkg/bandparser.go:98.15,99.56 1 0
github.com/denysvitali/ca-combos-editor/pkg/bandparser.go:99.56,101.4 1 0
github.com/denysvitali/ca-combos-editor/pkg/bandparser.go:104.2,108.23 4 0
github.com/denysvitali/ca-combos-editor/pkg/bandparser.go:108.23,110.24 2 0
github.com/denysvitali/ca-combos-editor/pkg/bandparser.go:110.24,112.4 1 0
github.com/denysvitali/ca-combos-editor/pkg/bandparser.go:113.3,116.19 3 0
github.com/denysvitali/ca-combos-editor/pkg/bandparser.go:116.19,117.12 1 0
github.com/denysvitali/ca-combos-editor/pkg/bandparser.go:120.3,121.17 2 0
github.com/denysvitali/ca-combos-editor/pkg/bandparser.go:121.17,123.4 1 0
github.com/denysvitali/ca-combos-editor/pkg/bandparser.go:124.3,124.24 1 0
github.com/denysvitali/ca-combos-editor/pkg/bandparser.go:124.24,125.12 1 0
github.com/denysvitali/ca-combos-editor/pkg/bandparser.go:128.3,134.43 5 0
github.com/denysvitali/ca-combos-editor/pkg/bandparser.go:134.43,135.34 1 0
github.com/denysvitali/ca-combos-editor/pkg/bandparser.go:135.34,137.19 2 0
github.com/denysvitali/ca-combos-editor/pkg/bandparser.go:137.19,139.6 1 0
github.com/denysvitali/ca-combos-editor/pkg/bandparser.go:140.5,142.44 3 0
github.com/denysvitali/ca-combos-editor/pkg/bandparser.go:146.3,147.52 2 0
github.com/denysvitali/ca-combos-editor/pkg/bandparser.go:150.2,150.40 1 0
github.com/denysvitali/ca-combos-editor/pkg/bandparser.go:150.40,152.3 1 0
github.com/denysvitali/ca-combos-editor/pkg/bandparser.go:153.2,153.40 1 0
github.com/denysvitali/ca-combos-editor/pkg/bandparser.go:153.40,155.3 1 0
github.com/denysvitali/ca-combos-editor/pkg/bandparser.go:157.2,157.26 1 0
github.com/denysvitali/ca-combos-editor/pkg/bandparser.go:160.55,164.16 3 1
github.com/denysvitali/ca-combos-editor/pkg/bandparser.go:164.16,166.3 1 1
github.com/denysvitali/ca-combos-editor/pkg/bandparser.go:168.2,169.21 2 1
github.com/denysvitali/ca-combos-editor/pkg/bandparser.go:169.21,171.3 1 0
github.com/denysvitali/ca-combos-editor/pkg/bandparser.go:173.2,173.60 1 1
github.com/denysvitali/ca-combos-editor/pkg/bandparser.go:177.73,179.16 2 1
github.com/denysvitali/ca-combos-editor/pkg/bandparser.go:179.16,181.3 1 0
github.com/denysvitali/ca-combos-editor/pkg/bandparser.go:182.2,182.15 1 1
github.com/denysvitali/ca-combos-editor/pkg/bandparser.go:182.15,183.59 1 1
github.com/denysvitali/ca-combos-editor/pkg/bandparser.go:183.59,185.4 1 0
github.com/denysvitali/ca-combos-editor/pkg/bandparser.go:188.2,192.21 4 1
github.com/denysvitali/ca-combos-editor/pkg/bandparser.go:192.21,196.17 3 1
github.com/denysvitali/ca-combos-editor/pkg/bandparser.go:196.17,197.12 1 0
github.com/denysvitali/ca-combos-editor/pkg/bandparser.go:199.3,200.17 2 1
github.com/denysvitali/ca-combos-editor/pkg/bandparser.go:200.17,202.4 1 0
github.com/denysvitali/ca-combos-editor/pkg/bandparser.go:204.3,205.29 2 1
github.com/denysvitali/ca-combos-editor/pkg/bandparser.go:205.29,206.16 1 1
github.com/denysvitali/ca-combos-editor/pkg/bandparser.go:206.16,207.25 1 1
github.com/denysvitali/ca-combos-editor/pkg/bandparser.go:207.25,209.6 1 1
github.com/denysvitali/ca-combos-editor/pkg/bandparser.go:209.11,210.14 1 0
github.com/denysvitali/ca-combos-editor/pkg/bandparser.go:214.4,214.55 1 1
github.com/denysvitali/ca-combos-editor/pkg/bandparser.go:214.55,215.13 1 1
github.com/denysvitali/ca-combos-editor/pkg/bandparser.go:218.4,219.41 2 1
github.com/denysvitali/ca-combos-editor/pkg/bandparser.go:219.41,220.33 1 1
github.com/denysvitali/ca-combos-editor/pkg/bandparser.go:220.33,222.11 2 0
github.com/denysvitali/ca-combos-editor/pkg/bandparser.go:226.4,226.13 1 1
github.com/denysvitali/ca-combos-editor/pkg/bandparser.go:226.13,227.13 1 0
github.com/denysvitali/ca-combos-editor/pkg/bandparser.go:230.4,230.54 1 1
github.com/denysvitali/ca-combos-editor/pkg/bandparser.go:234.2,234.38 1 1
github.com/denysvitali/ca-combos-editor/pkg/bandparser.go:234.38,236.3 1 0
github.com/denysvitali/ca-combos-editor/pkg/bandparser.go:238.2,238.35 1 1
github.com/denysvitali/ca-combos-editor/pkg/bandparser.go:238.35,242.23 3 1
github.com/denysvitali/ca-combos-editor/pkg/bandparser.go:242.23,243.25 1 1
github.com/denysvitali/ca-combos-editor/pkg/bandparser.go:244.30,245.38 1 1
github.com/denysvitali/ca-combos-editor/pkg/bandparser.go:246.28,247.38 1 1
github.com/denysvitali/ca-combos-editor/pkg/bandparser.go:250.3,252.31 2 1
github.com/denysvitali/ca-combos-editor/pkg/bandparser.go:252.31,256.4 3 1
github.com/denysvitali/ca-combos-editor/pkg/bandparser.go:258.3,258.31 1 1
github.com/denysvitali/ca-combos-editor/pkg/bandparser.go:258.31,262.4 3 1
github.com/denysvitali/ca-combos-editor/pkg/bandparser.go:265.2,265.26 1 1
github.com/denysvitali/ca-combos-editor/pkg/comboedit.go:43.43,45.2 1 1
github.com/denysvitali/ca-combos-editor/pkg/comboedit.go:54.48,56.39 2 1
github.com/denysvitali/ca-combos-editor/pkg/comboedit.go:56.39,58.3 1 1
github.com/denysvitali/ca-combos-editor/pkg/comboedit.go:59.2,59.39 1 1
github.com/denysvitali/ca-combos-editor/pkg/comboedit.go:59.39,61.3 1 0
github.com/denysvitali/ca-combos-editor/pkg/comboedit.go:63.2,66.16 3 1
github.com/denysvitali/ca-combos-editor/pkg/comboedit.go:66.16,68.3 1 0
github.com/denysvitali/ca-combos-editor/pkg/comboedit.go:69.2,72.45 3 1
github.com/denysvitali/ca-combos-editor/pkg/comboedit.go:72.45,74.17 2 1
github.com/denysvitali/ca-combos-editor/pkg/comboedit.go:74.17,76.4 1 1
github.com/denysvitali/ca-combos-editor/pkg/comboedit.go:77.3,77.41 1 1
github.com/denysvitali/ca-combos-editor/pkg/comboedit.go:80.2,80.16 1 1
github.com/denysvitali/ca-combos-editor/pkg/comboedit.go:84.59,92.28 6 1
github.com/denysvitali/ca-combos-editor/pkg/comboedit.go:92.28,94.3 1 1
github.com/denysvitali/ca-combos-editor/pkg/comboedit.go:96.2,99.15 3 1
github.com/denysvitali/ca-combos-editor/pkg/comboedit.go:103.39,105.16 2 0
github.com/denysvitali/ca-combos-editor/pkg/comboedit.go:105.16,107.3 1 0
github.com/denysvitali/ca-combos-editor/pkg/comboedit.go:109.2,111.16 3 0
github.com/denysvitali/ca-combos-editor/pkg/comboedit.go:111.16,113.3 1 0
github.com/denysvitali/ca-combos-editor/pkg/comboedit.go:115.2,115.31 1 0
github.com/denysvitali/ca-combos-editor/pkg/comboedit.go:115.31,117.3 1 0
github.com/denysvitali/ca-combos-editor/pkg/comboedit.go:118.2,118.12 1 0
github.com/denysvitali/ca-combos-editor/pkg/comboedit.go:122.91,126.16 3 0
github.com/denysvitali/ca-combos-editor/pkg/comboedit.go:126.16,128.3 1 0
github.com/denysvitali/ca-combos-editor/pkg/comboedit.go:129.2,129.15 1 0
github.com/denysvitali/ca-combos-editor/pkg/comboedit.go:129.15,130.51 1 0
github.com/denysvitali/ca-combos-editor/pkg/comboedit.go:130.51,132.4 1 0
github.com/denysvitali/ca-combos-editor/pkg/comboedit.go:135.2,135.73 1 0
github.com/denysvitali/ca-combos-editor/pkg/comboedit.go:135.73,137.3 1 0
github.com/denysvitali/ca-combos-editor/pkg/comboedit.go:138.2,138.12 1 0
github.com/denysvitali/ca-combos-editor/pkg/comboedit.go:141.78,143.16 2 1
github.com/denysvitali/ca-combos-editor/pkg/comboedit.go:143.16,145.3 1 0
github.com/denysvitali/ca-combos-editor/pkg/comboedit.go:146.2,149.19 3 1
github.com/denysvitali/ca-combos-editor/pkg/comboedit.go:150.37,151.29 1 1
github.com/denysvitali/ca-combos-editor/pkg/comboedit.go:152.35,153.29 1 1
github.com/denysvitali/ca-combos-editor/pkg/comboedit.go:154.35,155.29 1 1
github.com/denysvitali/ca-combos-editor/pkg/comboedit.go:156.33,157.29 1 1
github.com/denysvitali/ca-combos-editor/pkg/comboedit.go:158.39,159.29 1 0
github.com/denysvitali/ca-combos-editor/pkg/comboedit.go:160.37,161.29 1 0
github.com/denysvitali/ca-combos-editor/pkg/comboedit.go:162.10,163.61 1 1
github.com/denysvitali/ca-combos-editor/pkg/comboedit.go:167.53,168.31 1 1
github.com/denysvitali/ca-combos-editor/pkg/comboedit.go:169.28,174.28 5 1
github.com/denysvitali/ca-combos-editor/pkg/comboedit.go:176.26,178.30 2 1
github.com/denysvitali/ca-combos-editor/pkg/comboedit.go:182.52,186.2 3 1
github.com/denysvitali/ca-combos-editor/pkg/comboedit.go:188.54,189.16 1 1
github.com/denysvitali/ca-combos-editor/pkg/comboedit.go:190.27,191.39 1 1
github.com/denysvitali/ca-combos-editor/pkg/comboedit.go:192.27,193.37 1 1
github.com/denysvitali/ca-combos-editor/pkg/comboedit.go:195.2,195.38 1 0
github.com/denysvitali/ca-combos-editor/pkg/comboedit.go:198.52,199.16 1 1
github.com/denysvitali/ca-combos-editor/pkg/comboedit.go:200.27,201.37 1 1
github.com/denysvitali/ca-combos-editor/pkg/comboedit.go:202.27,203.35 1 1
github.com/denysvitali/ca-combos-editor/pkg/comboedit.go:205.2,205.36 1 0
github.com/denysvitali/ca-combos-editor/pkg/comboedit.go:208.54,209.40 1 1
github.com/denysvitali/ca-combos-editor/pkg/comboedit.go:209.40,210.21 1 1
github.com/denysvitali/ca-combos-editor/pkg/comboedit.go:210.21,212.37 2 1
github.com/denysvitali/ca-combos-editor/pkg/comboedit.go:212.37,214.5 1 1
github.com/denysvitali/ca-combos-editor/pkg/comboedit.go:215.9,217.37 2 1
github.com/denysvitali/ca-combos-editor/pkg/comboedit.go:217.37,219.5 1 1
github.com/denysvitali/ca-combos-editor/pkg/comboedit.go:224.44,225.35 1 1
github.com/denysvitali/ca-combos-editor/pkg/comboedit.go:225.35,227.3 1 1
github.com/denysvitali/ca-combos-editor/pkg/comboedit.go:228.2,228.32 1 1
github.com/denysvitali/ca-combos-editor/pkg/comboedit.go:232.53,234.2 1 0
github.com/denysvitali/ca-combos-editor/pkg/combowritermode_string.go:20.42,21.9 1 0
github.com/denysvitali/ca-combos-editor/pkg/combowritermode_string.go:22.16,23.33 1 0
github.com/denysvitali/ca-combos-editor/pkg/combowritermode_string.go:24.16,25.33 1 0
github.com/denysvitali/ca-combos-editor/pkg/combowritermode_string.go:26.10,27.68 1 0
github.com/denysvitali/ca-combos-editor/pkg/readers/bandstringreader.go:16.43,18.2 1 1
github.com/denysvitali/ca-combos-editor/pkg/readers/bandstringreader.go:21.48,23.16 2 0
github.com/denysvitali/ca-combos-editor/pkg/readers/bandstringreader.go:23.16,25.3 1 0
github.com/denysvitali/ca-combos-editor/pkg/readers/bandstringreader.go:26.2,26.16 1 0
github.com/denysvitali/ca-combos-editor/pkg/readers/bandstringreader.go:30.32,32.2 1 1
github.com/denysvitali/ca-combos-editor/pkg/readers/bandstringreader.go:35.49,38.16 3 1
github.com/denysvitali/ca-combos-editor/pkg/readers/bandstringreader.go:38.16,40.3 1 1
github.com/denysvitali/ca-combos-editor/pkg/readers/bandstringreader.go:41.2,41.26 1 1
github.com/denysvitali/ca-combos-editor/pkg/readers/bandstringreader.go:41.26,44.17 3 1
github.com/denysvitali/ca-combos-editor/pkg/readers/bandstringreader.go:44.17,45.9 1 1
github.com/denysvitali/ca-combos-editor/pkg/readers/bandstringreader.go:49.2,49.16 1 1
github.com/denysvitali/ca-combos-editor/pkg/readers/bandstringreader.go:49.16,51.3 1 1
github.com/denysvitali/ca-combos-editor/pkg/readers/bandstringreader.go:53.2,53.26 1 1
github.com/denysvitali/ca-combos-editor/pkg/readers/bandstringreader.go:53.26,55.17 2 1
github.com/denysvitali/ca-combos-editor/pkg/readers/bandstringreader.go:55.17,57.4 1 0
github.com/denysvitali/ca-combos-editor/pkg/readers/bandstringreader.go:58.3,58.21 1 1
github.com/denysvitali/ca-combos-editor/pkg/readers/bandstringreader.go:61.2,61.43 1 1
github.com/denysvitali/ca-combos-editor/pkg/readers/bandstringreader.go:66.39,68.16 2 1
github.com/denysvitali/ca-combos-editor/pkg/readers/bandstringreader.go:68.16,70.3 1 1
github.com/denysvitali/ca-combos-editor/pkg/readers/bandstringreader.go:71.2,75.22 3 1
github.com/denysvitali/ca-combos-editor/pkg/readers/bandstringreader.go:75.22,78.3 2 1
github.com/denysvitali/ca-combos-editor/pkg/readers/bandstringreader.go:80.2,80.23 1 1
github.com/denysvitali/ca-combos-editor/pkg/readers/bandstringreader.go:84.39,86.16 2 1
github.com/denysvitali/ca-combos-editor/pkg/readers/bandstringreader.go:86.16,88.3 1 1
github.com/denysvitali/ca-combos-editor/pkg/readers/bandstringreader.go:89.2,89.21 1 1
github.com/denysvitali/ca-combos-editor/pkg/readers/bandstringreader.go:89.21,91.3 1 1
github.com/denysvitali/ca-combos-editor/pkg/readers/bandstringreader.go:93.2,94.14 2 1
github.com/denysvitali/ca-combos-editor/pkg/readers/bandstringreader.go:98.42,101.2 2 0
github.com/denysvitali/ca-combos-editor/pkg/readers/binaryreader.go:15.53,17.2 1 1
github.com/denysvitali/ca-combos-editor/pkg/readers/binaryreader.go:20.43,22.16 2 1
github.com/denysvitali/ca-combos-editor/pkg/readers/binaryreader.go:22.16,24.3 1 1
github.com/denysvitali/ca-combos-editor/pkg/readers/binaryreader.go:25.2,25.15 1 1
github.com/denysvitali/ca-combos-editor/pkg/readers/binaryreader.go:29.59,31.55 2 1
github.com/denysvitali/ca-combos-editor/pkg/readers/binaryreader.go:31.55,33.3 1 1
github.com/denysvitali/ca-combos-editor/pkg/readers/binaryreader.go:34.2,34.18 1 1
github.com/denysvitali/ca-combos-editor/pkg/readers/binaryreader.go:38.45,40.16 2 1
github.com/denysvitali/ca-combos-editor/pkg/readers/binaryreader.go:40.16,42.3 1 1
github.com/denysvitali/ca-combos-editor/pkg/readers/binaryreader.go:43.2,43.16 1 1
github.com/denysvitali/ca-combos-editor/pkg/readers/binaryreader.go:43.16,45.3 1 1
github.com/denysvitali/ca-combos-editor/pkg/readers/binaryreader.go:46.2,46.12 1 1
github.com/denysvitali/ca-combos-editor/pkg/readers/binaryreader.go:50.34,52.2 1 0
github.com/denysvitali/ca-combos-editor/pkg/types/band.go:17.31,18.77 1 0
github.com/denysvitali/ca-combos-editor/pkg/types/band.go:18.77,20.3 1 0
github.com/denysvitali/ca-combos-editor/pkg/types/band.go:21.2,22.16 2 0
github.com/denysvitali/ca-combos-editor/pkg/types/band.go:22.16,24.3 1 0
github.com/denysvitali/ca-combos-editor/pkg/types/band.go:25.2,25.74 1 0
github.com/denysvitali/ca-combos-editor/pkg/types/band.go:31.33,31.50 1 0
github.com/denysvitali/ca-combos-editor/pkg/types/band.go:32.33,32.60 1 0
github.com/denysvitali/ca-combos-editor/pkg/types/band.go:33.38,34.28 1 0
github.com/denysvitali/ca-combos-editor/pkg/types/band.go:34.28,36.3 1 0
github.com/denysvitali/ca-combos-editor/pkg/types/band.go:37.2,37.30 1 0
github.com/denysvitali/ca-combos-editor/pkg/types/dlentry.go:12.39,14.2 1 0
github.com/denysvitali/ca-combos-editor/pkg/types/dlentry.go:16.40,18.2 1 0
github.com/denysvitali/ca-combos-editor/pkg/types/dlentry.go:20.41,24.30 3 0
github.com/denysvitali/ca-combos-editor/pkg/types/dlentry.go:24.30,26.3 1 0
github.com/denysvitali/ca-combos-editor/pkg/types/dlentry.go:28.2,28.33 1 0
github.com/denysvitali/ca-combos-editor/pkg/types/dlentry.go:31.48,33.2 1 0
github.com/denysvitali/ca-combos-editor/pkg/types/format.go:69.33,70.11 1 0
github.com/denysvitali/ca-combos-editor/pkg/types/format.go:73.54,74.14 1 0
github.com/denysvitali/ca-combos-editor/pkg/types/format.go:76.2,76.14 1 0
github.com/denysvitali/ca-combos-editor/pkg/types/format.go:80.38,81.11 1 0
github.com/denysvitali/ca-combos-editor/pkg/types/format.go:82.81,83.14 1 0
github.com/denysvitali/ca-combos-editor/pkg/types/format.go:85.2,85.14 1 0
github.com/denysvitali/ca-combos-editor/pkg/types/ulentry.go:12.38,14.2 1 0
github.com/denysvitali/ca-combos-editor/pkg/types/ulentry.go:16.37,18.2 1 0
github.com/denysvitali/ca-combos-editor/pkg/types/ulentry.go:20.39,24.30 3 0
github.com/denysvitali/ca-combos-editor/pkg/types/ulentry.go:24.30,26.3 1 0
github.com/denysvitali/ca-combos-editor/pkg/types/ulentry.go:28.2,28.33 1 0
github.com/denysvitali/ca-combos-editor/pkg/types/ulentry.go:31.46,33.2 1 0
github.com/denysvitali/ca-combos-editor/pkg/types/ulentry.go:37.26,39.2 1 0
github.com/denysvitali/ca-combos-editor/pkg/types/ulentry.go:41.36,42.28 1 0
github.com/denysvitali/ca-combos-editor/pkg/types/ulentry.go:42.28,44.3 1 0
github.com/denysvitali/ca-combos-editor/pkg/types/ulentry.go:45.2,45.28 1 0
github.com/denysvitali/ca-combos-editor/pkg/types/ulentry.go:45.28,47.3 1 0
github.com/denysvitali/ca-combos-editor/pkg/types/ulentry.go:48.2,48.52 1 0
github.com/denysvitali/ca-combos-editor/pkg/types/ulentry.go:51.31,53.2 1 0
